2025-11-17T17:24:37.166748Z DEBUG flox: FLOX_VERSION=1.7.6
2025-11-17T17:24:37.168095Z DEBUG flox: Resetting USER and HOME environment variables user_old= user=root home="/root"
2025-11-17T17:24:37.168368Z DEBUG flox::config: no user config file found
2025-11-17T17:24:37.169458Z DEBUG flox::utils::init::sentry: Initializing Sentry with DSN: https://85c9526795f5047c99a5247aab616295:@o4506548203094016.ingest.us.sentry.io/4506548241825792
2025-11-17T17:24:37.182638Z DEBUG flox: set _FLOX_SUBSYSTEM_VERBOSITY=3
2025-11-17T17:24:37.189362Z DEBUG flox::config: Global config directory overridden path="/root/.config/flox"
2025-11-17T17:24:37.191470Z DEBUG flox::utils::update_notifications: Skipping update check in development mode
2025-11-17T17:24:37.192386Z DEBUG flox::commands: Metrics collection enabled
2025-11-17T17:24:37.193107Z DEBUG flox::utils::init::catalog_client: using catalog client with url: https://api.flox.dev
2025-11-17T17:24:37.201052Z DEBUG flox::commands: feature flags configured=Features { upload: false, qa: false }
2025-11-17T17:24:37.201175Z DEBUG flox::commands: getting concrete environment without explicit args
2025-11-17T17:24:37.201391Z DEBUG flox_rust_sdk::models::environment: looking for .flox: starting_path=/home/user/external-dns-nextdns/.flox
2025-11-17T17:24:37.201902Z DEBUG flox_rust_sdk::models::environment: .flox found: path=/home/user/external-dns-nextdns/.flox
2025-11-17T17:24:37.202108Z DEBUG flox_rust_sdk::models::environment: detected concrete environment type: path
2025-11-17T17:24:37.203016Z TRACE flox_command: subcommand="activate" path_environment="external-dns-nextdns" start_services=false mode="dev"
2025-11-17T17:24:37.203435Z DEBUG flox::utils::metrics: pushing entry to metrics buffer: MetricEntry { subcommand: Some("activate"), extras: {"start_services": "false", "path_environment": "external-dns-nextdns", "mode": "dev"}, timestamp: 2025-11-17 17:24:37.203051807 +00:00:00, uuid: 57ec5d32-70f2-430f-82e4-6cccade8227a, flox_version: "1.7.6", os_family: None, os_family_release: None, os: Some("ubuntu"), os_version: Some("24.04"), empty_flags: [] }
2025-11-17T17:24:37.203577Z DEBUG flox::commands::activate: Upgrade notification disabled
2025-11-17T17:24:37.203874Z DEBUG flox::commands::check_for_upgrades: Logging upgrade check output to file, and redirecting std{in,out} to /dev/null log_file="/home/user/external-dns-nextdns/.flox/log/upgrade-check.1763400277.log"
2025-11-17T17:24:37.204188Z DEBUG flox::commands::check_for_upgrades: Spawning check-for-upgrades process in background cmd=env FLOX_VERSION=1.7.6 /nix/store/lwws0ilhnyrr89w9ib7gjfsqv4a2hq3l-flox-1.7.6/bin/flox check-for-upgrades '{"type":"dot-flox","path":"/home/user/external-dns-nextdns/.flox","pointer":{"name":"external-dns-nextdns","version":1}}' -vv
2025-11-17T17:24:37.219967Z TRACE flox_command: subcommand="activate" has_includes=false
2025-11-17T17:24:37.220527Z DEBUG flox::utils::metrics: pushing entry to metrics buffer: MetricEntry { subcommand: Some("activate"), extras: {"has_includes": "false"}, timestamp: 2025-11-17 17:24:37.220019129 +00:00:00, uuid: 57ec5d32-70f2-430f-82e4-6cccade8227a, flox_version: "1.7.6", os_family: None, os_family_release: None, os: Some("ubuntu"), os_version: Some("24.04"), empty_flags: [] }
2025-11-17T17:24:37.225453Z DEBUG resolve_manifest: flox_rust_sdk::models::lockfile: All packages are already locked, skipping resolution
2025-11-17T17:24:37.226579Z DEBUG flox_rust_sdk::models::environment::core_environment: lockfile is up to date, skipping write environment_lockfile_path="/home/user/external-dns-nextdns/.flox/env/manifest.lock"
2025-11-17T17:24:37.228368Z DEBUG flox_rust_sdk::providers::services: wrote service config path="/root/.cache/flox/process/.tmpiyPY6l/.tmp8IyOYJ"
2025-11-17T17:24:37.229958Z DEBUG build: flox_rust_sdk::providers::buildenv: bulk checking validity of store_paths (paths passed to stdin) cmd=/nix/store/13dd4h1zp953x0ln7yyarr27d581svj0-nix-2.28.4/bin/nix --option extra-experimental-features 'nix-command flakes' path-info --offline --stdin
2025-11-17T17:24:37.232076Z TRACE build: flox_rust_sdk::providers::buildenv: checking validity of store path path=/nix/store/iiv41cngzdr0925wzi4z14ii7d8kx2d4-jq-1.8.1
2025-11-17T17:24:37.232143Z TRACE build: flox_rust_sdk::providers::buildenv: checking validity of store path path=/nix/store/m1b5s5rgfirygwnhid9phb7zj7z7gd8c-1password-cli-2.32.0
2025-11-17T17:24:37.232170Z TRACE build: flox_rust_sdk::providers::buildenv: checking validity of store path path=/nix/store/25ixq10lb7ppch0qvrgb0fd36ldpwshf-jq-1.8.1-dev
2025-11-17T17:24:37.232192Z TRACE build: flox_rust_sdk::providers::buildenv: checking validity of store path path=/nix/store/fzi1xdg39zxhxkvypbx47k0as21jd2a1-docker-28.5.1
2025-11-17T17:24:37.232210Z TRACE build: flox_rust_sdk::providers::buildenv: checking validity of store path path=/nix/store/2r49ca21wwc6dxkzj5r9g5gyg8l5kdg6-just-1.43.0-man
2025-11-17T17:24:37.232226Z TRACE build: flox_rust_sdk::providers::buildenv: checking validity of store path path=/nix/store/vghi7mn8k58rn7ff50wmpispxhf481jw-tilt-0.35.2
2025-11-17T17:24:37.232346Z TRACE build: flox_rust_sdk::providers::buildenv: checking validity of store path path=/nix/store/3c7i8848442hvc74jhwwwszp27haiv6v-jq-1.8.1-doc
2025-11-17T17:24:37.232370Z TRACE build: flox_rust_sdk::providers::buildenv: checking validity of store path path=/nix/store/wi22pwgwdbxky7nbaa5b89bg0z26byvk-golangci-lint-2.6.1
2025-11-17T17:24:37.232408Z TRACE build: flox_rust_sdk::providers::buildenv: checking validity of store path path=/nix/store/pm8zsbk93gair0419zaf7j533hnlxd8k-delve-1.25.2
2025-11-17T17:24:37.232600Z TRACE build: flox_rust_sdk::providers::buildenv: checking validity of store path path=/nix/store/xjcvp6n4ky07gjsw56vcg932hkyp0xxg-just-1.43.0
2025-11-17T17:24:37.232636Z TRACE build: flox_rust_sdk::providers::buildenv: checking validity of store path path=/nix/store/4dqxinvhlmlgg6hfp7wghv3rq5y375mp-kubectl-1.34.1
2025-11-17T17:24:37.232657Z TRACE build: flox_rust_sdk::providers::buildenv: checking validity of store path path=/nix/store/q6jjgnyivwx7r4wynsi6g36k6srfy7mk-git-2.51.2
2025-11-17T17:24:37.232670Z TRACE build: flox_rust_sdk::providers::buildenv: checking validity of store path path=/nix/store/dpjcwmn7gzic1b4g39w87mh87zqhn3ac-gum-0.17.0
2025-11-17T17:24:37.232694Z TRACE build: flox_rust_sdk::providers::buildenv: checking validity of store path path=/nix/store/gajzimp0a2hdzxln2xiknaqxkpssdyz0-curl-8.16.0
2025-11-17T17:24:37.232828Z TRACE build: flox_rust_sdk::providers::buildenv: checking validity of store path path=/nix/store/rq8lpjjzfymaznpsfvrymhqrvfg854ms-go-1.25.3
2025-11-17T17:24:37.232891Z TRACE build: flox_rust_sdk::providers::buildenv: checking validity of store path path=/nix/store/247bns0aahfq9icz8v8smjs017nw8n42-kubectl-1.34.1-convert
2025-11-17T17:24:37.232997Z TRACE build: flox_rust_sdk::providers::buildenv: checking validity of store path path=/nix/store/79kgkppxjs06j3z46p4py7mfyq08fxwj-curl-8.16.0-bin
2025-11-17T17:24:37.233022Z TRACE build: flox_rust_sdk::providers::buildenv: checking validity of store path path=/nix/store/5hxj7dif1sjjcvyiy3hh514dh78amcpn-curl-8.16.0-debug
2025-11-17T17:24:37.233057Z TRACE build: flox_rust_sdk::providers::buildenv: checking validity of store path path=/nix/store/ypgphp0wk6ndm5a7hjxjsl5q0jh6lpq3-docker-compose-2.39.4
2025-11-17T17:24:37.233187Z TRACE build: flox_rust_sdk::providers::buildenv: checking validity of store path path=/nix/store/pc5xdp19blk4fdshr1gpjmay1rr5vavd-yq-go-4.48.1
2025-11-17T17:24:37.233274Z TRACE build: flox_rust_sdk::providers::buildenv: checking validity of store path path=/nix/store/l0ixqvgf9swj3b19w8jy2q3lx53c54vs-kubernetes-helm-3.19.1
2025-11-17T17:24:37.233388Z TRACE build: flox_rust_sdk::providers::buildenv: checking validity of store path path=/nix/store/s2jdys30fv093q0mqbjw6zhfs51xhszb-kustomize-5.8.0
2025-11-17T17:24:37.233480Z TRACE build: flox_rust_sdk::providers::buildenv: checking validity of store path path=/nix/store/z9bdqv7mm058w2l4kh72ak2r5ciliw60-curl-8.16.0-dev
2025-11-17T17:24:37.233621Z TRACE build: flox_rust_sdk::providers::buildenv: checking validity of store path path=/nix/store/cxfh4zq3a97asi4f9i48mmjn5qcay1c1-curl-8.16.0-devdoc
2025-11-17T17:24:37.233655Z TRACE build: flox_rust_sdk::providers::buildenv: checking validity of store path path=/nix/store/f6zjr2bcd31qpvj4d4qsvqhfnnyc1kaz-git-2.51.2-debug
2025-11-17T17:24:37.233671Z TRACE build: flox_rust_sdk::providers::buildenv: checking validity of store path path=/nix/store/9bir646idszbrn3j3wz98xq4m0kvzgrp-git-2.51.2-doc
2025-11-17T17:24:37.233799Z TRACE build: flox_rust_sdk::providers::buildenv: checking validity of store path path=/nix/store/qygih0b5spgrp3dgag12qazkna84ad5v-gotools-0.34.0
2025-11-17T17:24:37.233856Z TRACE build: flox_rust_sdk::providers::buildenv: checking validity of store path path=/nix/store/29l7shzw5nq9iibr7nr4i06hi3vy8p61-curl-8.16.0-man
2025-11-17T17:24:37.233978Z TRACE build: flox_rust_sdk::providers::buildenv: checking validity of store path path=/nix/store/jlgzpnk0c04m46kz78knycsb98j0fm5n-ctlptl-0.8.43
2025-11-17T17:24:37.234071Z TRACE build: flox_rust_sdk::providers::buildenv: checking validity of store path path=/nix/store/bsz3nw3dd4ryvpmma2rpf2d88zjyxxra-kind-0.30.0
2025-11-17T17:24:37.234164Z TRACE build: flox_rust_sdk::providers::buildenv: checking validity of store path path=/nix/store/zrjqzsxrgv0y3wqfgakiik9w7h9wf79v-just-1.43.0-doc
2025-11-17T17:24:37.234267Z TRACE build: flox_rust_sdk::providers::buildenv: checking validity of store path path=/nix/store/hldhp2vblr9xgw4nznk9s88cwk19laim-kubectl-1.34.1-man
2025-11-17T17:24:37.234384Z TRACE build: flox_rust_sdk::providers::buildenv: checking validity of store path path=/nix/store/c6rkwr11izd7jvkrfcg6pygild509nvm-jq-1.8.1-bin
2025-11-17T17:24:37.234479Z TRACE build: flox_rust_sdk::providers::buildenv: checking validity of store path path=/nix/store/n5y4w24f4w2wgqhpbw6cgc431q1f7agh-jq-1.8.1-man
2025-11-17T17:24:37.352622Z DEBUG build: flox_rust_sdk::providers::buildenv: bulk setting gc roots for store_paths cmd="echo '/nix/store/f6zjr2bcd31qpvj4d4qsvqhfnnyc1kaz-git-2.51.2-debug /nix/store/25ixq10lb7ppch0qvrgb0fd36ldpwshf-jq-1.8.1-dev /nix/store/3c7i8848442hvc74jhwwwszp27haiv6v-jq-1.8.1-doc /nix/store/29l7shzw5nq9iibr7nr4i06hi3vy8p61-curl-8.16.0-man /nix/store/gajzimp0a2hdzxln2xiknaqxkpssdyz0-curl-8.16.0 /nix/store/bsz3nw3dd4ryvpmma2rpf2d88zjyxxra-kind-0.30.0 /nix/store/c6rkwr11izd7jvkrfcg6pygild509nvm-jq-1.8.1-bin /nix/store/dpjcwmn7gzic1b4g39w87mh87zqhn3ac-gum-0.17.0 /nix/store/2r49ca21wwc6dxkzj5r9g5gyg8l5kdg6-just-1.43.0-man /nix/store/5hxj7dif1sjjcvyiy3hh514dh78amcpn-curl-8.16.0-debug /nix/store/79kgkppxjs06j3z46p4py7mfyq08fxwj-curl-8.16.0-bin /nix/store/fzi1xdg39zxhxkvypbx47k0as21jd2a1-docker-28.5.1 /nix/store/l0ixqvgf9swj3b19w8jy2q3lx53c54vs-kubernetes-helm-3.19.1 /nix/store/9bir646idszbrn3j3wz98xq4m0kvzgrp-git-2.51.2-doc /nix/store/247bns0aahfq9icz8v8smjs017nw8n42-kubectl-1.34.1-convert /nix/store/4dqxinvhlmlgg6hfp7wghv3rq5y375mp-kubectl-1.34.1 /nix/store/cxfh4zq3a97asi4f9i48mmjn5qcay1c1-curl-8.16.0-devdoc /nix/store/hldhp2vblr9xgw4nznk9s88cwk19laim-kubectl-1.34.1-man /nix/store/iiv41cngzdr0925wzi4z14ii7d8kx2d4-jq-1.8.1 /nix/store/q6jjgnyivwx7r4wynsi6g36k6srfy7mk-git-2.51.2 /nix/store/jlgzpnk0c04m46kz78knycsb98j0fm5n-ctlptl-0.8.43' | /nix/store/13dd4h1zp953x0ln7yyarr27d581svj0-nix-2.28.4/bin/nix --option extra-experimental-features 'nix-command flakes' build --stdin --offline -j 0 --out-link /tmp/.tmpVzxEKy/pre-checked-paths"
2025-11-17T17:24:37.354015Z TRACE build: flox_rust_sdk::providers::buildenv: setting gc root for store path path=/nix/store/f6zjr2bcd31qpvj4d4qsvqhfnnyc1kaz-git-2.51.2-debug
2025-11-17T17:24:37.354114Z TRACE build: flox_rust_sdk::providers::buildenv: setting gc root for store path path=/nix/store/25ixq10lb7ppch0qvrgb0fd36ldpwshf-jq-1.8.1-dev
2025-11-17T17:24:37.354154Z TRACE build: flox_rust_sdk::providers::buildenv: setting gc root for store path path=/nix/store/3c7i8848442hvc74jhwwwszp27haiv6v-jq-1.8.1-doc
2025-11-17T17:24:37.354180Z TRACE build: flox_rust_sdk::providers::buildenv: setting gc root for store path path=/nix/store/29l7shzw5nq9iibr7nr4i06hi3vy8p61-curl-8.16.0-man
2025-11-17T17:24:37.354196Z TRACE build: flox_rust_sdk::providers::buildenv: setting gc root for store path path=/nix/store/gajzimp0a2hdzxln2xiknaqxkpssdyz0-curl-8.16.0
2025-11-17T17:24:37.354219Z TRACE build: flox_rust_sdk::providers::buildenv: setting gc root for store path path=/nix/store/bsz3nw3dd4ryvpmma2rpf2d88zjyxxra-kind-0.30.0
2025-11-17T17:24:37.354234Z TRACE build: flox_rust_sdk::providers::buildenv: setting gc root for store path path=/nix/store/c6rkwr11izd7jvkrfcg6pygild509nvm-jq-1.8.1-bin
2025-11-17T17:24:37.354250Z TRACE build: flox_rust_sdk::providers::buildenv: setting gc root for store path path=/nix/store/dpjcwmn7gzic1b4g39w87mh87zqhn3ac-gum-0.17.0
2025-11-17T17:24:37.354276Z TRACE build: flox_rust_sdk::providers::buildenv: setting gc root for store path path=/nix/store/2r49ca21wwc6dxkzj5r9g5gyg8l5kdg6-just-1.43.0-man
2025-11-17T17:24:37.354301Z TRACE build: flox_rust_sdk::providers::buildenv: setting gc root for store path path=/nix/store/5hxj7dif1sjjcvyiy3hh514dh78amcpn-curl-8.16.0-debug
2025-11-17T17:24:37.354331Z TRACE build: flox_rust_sdk::providers::buildenv: setting gc root for store path path=/nix/store/79kgkppxjs06j3z46p4py7mfyq08fxwj-curl-8.16.0-bin
2025-11-17T17:24:37.354354Z TRACE build: flox_rust_sdk::providers::buildenv: setting gc root for store path path=/nix/store/fzi1xdg39zxhxkvypbx47k0as21jd2a1-docker-28.5.1
2025-11-17T17:24:37.354377Z TRACE build: flox_rust_sdk::providers::buildenv: setting gc root for store path path=/nix/store/l0ixqvgf9swj3b19w8jy2q3lx53c54vs-kubernetes-helm-3.19.1
2025-11-17T17:24:37.354405Z TRACE build: flox_rust_sdk::providers::buildenv: setting gc root for store path path=/nix/store/9bir646idszbrn3j3wz98xq4m0kvzgrp-git-2.51.2-doc
2025-11-17T17:24:37.354453Z TRACE build: flox_rust_sdk::providers::buildenv: setting gc root for store path path=/nix/store/247bns0aahfq9icz8v8smjs017nw8n42-kubectl-1.34.1-convert
2025-11-17T17:24:37.354501Z TRACE build: flox_rust_sdk::providers::buildenv: setting gc root for store path path=/nix/store/4dqxinvhlmlgg6hfp7wghv3rq5y375mp-kubectl-1.34.1
2025-11-17T17:24:37.354549Z TRACE build: flox_rust_sdk::providers::buildenv: setting gc root for store path path=/nix/store/cxfh4zq3a97asi4f9i48mmjn5qcay1c1-curl-8.16.0-devdoc
2025-11-17T17:24:37.354568Z TRACE build: flox_rust_sdk::providers::buildenv: setting gc root for store path path=/nix/store/hldhp2vblr9xgw4nznk9s88cwk19laim-kubectl-1.34.1-man
2025-11-17T17:24:37.354586Z TRACE build: flox_rust_sdk::providers::buildenv: setting gc root for store path path=/nix/store/iiv41cngzdr0925wzi4z14ii7d8kx2d4-jq-1.8.1
2025-11-17T17:24:37.354608Z TRACE build: flox_rust_sdk::providers::buildenv: setting gc root for store path path=/nix/store/q6jjgnyivwx7r4wynsi6g36k6srfy7mk-git-2.51.2
2025-11-17T17:24:37.354626Z TRACE build: flox_rust_sdk::providers::buildenv: setting gc root for store path path=/nix/store/jlgzpnk0c04m46kz78knycsb98j0fm5n-ctlptl-0.8.43
2025-11-17T17:24:37.494845Z DEBUG build:substitute catalog package: flox_rust_sdk::providers::buildenv: using 'auto' store
2025-11-17T17:24:37.494900Z DEBUG build:substitute catalog package: flox_rust_sdk::providers::buildenv: checking store paths, including substituters cmd=/nix/store/13dd4h1zp953x0ln7yyarr27d581svj0-nix-2.28.4/bin/nix --option extra-experimental-features 'nix-command flakes' --option pure-eval false --print-build-logs build --out-link /tmp/.tmpVzxEKy/by-store-path/go /nix/store/rq8lpjjzfymaznpsfvrymhqrvfg854ms-go-1.25.3
2025-11-17T17:24:37.616616Z DEBUG build:substitute catalog package: flox_rust_sdk::providers::buildenv: using 'auto' store
2025-11-17T17:24:37.616697Z DEBUG build:substitute catalog package: flox_rust_sdk::providers::buildenv: checking store paths, including substituters cmd=/nix/store/13dd4h1zp953x0ln7yyarr27d581svj0-nix-2.28.4/bin/nix --option extra-experimental-features 'nix-command flakes' --option pure-eval false --print-build-logs build --out-link /tmp/.tmpVzxEKy/by-store-path/just /nix/store/zrjqzsxrgv0y3wqfgakiik9w7h9wf79v-just-1.43.0-doc /nix/store/2r49ca21wwc6dxkzj5r9g5gyg8l5kdg6-just-1.43.0-man /nix/store/xjcvp6n4ky07gjsw56vcg932hkyp0xxg-just-1.43.0
2025-11-17T17:24:37.747232Z DEBUG build:substitute catalog package: flox_rust_sdk::providers::buildenv: using 'auto' store
2025-11-17T17:24:37.747287Z DEBUG build:substitute catalog package: flox_rust_sdk::providers::buildenv: checking store paths, including substituters cmd=/nix/store/13dd4h1zp953x0ln7yyarr27d581svj0-nix-2.28.4/bin/nix --option extra-experimental-features 'nix-command flakes' --option pure-eval false --print-build-logs build --out-link /tmp/.tmpVzxEKy/by-store-path/docker-compose /nix/store/ypgphp0wk6ndm5a7hjxjsl5q0jh6lpq3-docker-compose-2.39.4
2025-11-17T17:24:37.866746Z DEBUG build:substitute catalog package: flox_rust_sdk::providers::buildenv: using 'auto' store
2025-11-17T17:24:37.866803Z DEBUG build:substitute catalog package: flox_rust_sdk::providers::buildenv: checking store paths, including substituters cmd=/nix/store/13dd4h1zp953x0ln7yyarr27d581svj0-nix-2.28.4/bin/nix --option extra-experimental-features 'nix-command flakes' --option pure-eval false --print-build-logs build --out-link /tmp/.tmpVzxEKy/by-store-path/delve /nix/store/pm8zsbk93gair0419zaf7j533hnlxd8k-delve-1.25.2
2025-11-17T17:24:37.977775Z DEBUG build:substitute catalog package: flox_rust_sdk::providers::buildenv: using 'auto' store
2025-11-17T17:24:37.977832Z DEBUG build:substitute catalog package: flox_rust_sdk::providers::buildenv: checking store paths, including substituters cmd=/nix/store/13dd4h1zp953x0ln7yyarr27d581svj0-nix-2.28.4/bin/nix --option extra-experimental-features 'nix-command flakes' --option pure-eval false --print-build-logs build --out-link /tmp/.tmpVzxEKy/by-store-path/go-tools /nix/store/qygih0b5spgrp3dgag12qazkna84ad5v-gotools-0.34.0
2025-11-17T17:24:38.096006Z DEBUG build:substitute catalog package: flox_rust_sdk::providers::buildenv: using 'auto' store
2025-11-17T17:24:38.096065Z DEBUG build:substitute catalog package: flox_rust_sdk::providers::buildenv: checking store paths, including substituters cmd=/nix/store/13dd4h1zp953x0ln7yyarr27d581svj0-nix-2.28.4/bin/nix --option extra-experimental-features 'nix-command flakes' --option pure-eval false --print-build-logs build --out-link /tmp/.tmpVzxEKy/by-store-path/golangci-lint /nix/store/wi22pwgwdbxky7nbaa5b89bg0z26byvk-golangci-lint-2.6.1
2025-11-17T17:24:38.221964Z DEBUG build:substitute catalog package: flox_rust_sdk::providers::buildenv: using 'auto' store
2025-11-17T17:24:38.222026Z DEBUG build:substitute catalog package: flox_rust_sdk::providers::buildenv: checking store paths, including substituters cmd=/nix/store/13dd4h1zp953x0ln7yyarr27d581svj0-nix-2.28.4/bin/nix --option extra-experimental-features 'nix-command flakes' --option pure-eval false --print-build-logs build --out-link /tmp/.tmpVzxEKy/by-store-path/tilt /nix/store/vghi7mn8k58rn7ff50wmpispxhf481jw-tilt-0.35.2
2025-11-17T17:24:38.346036Z DEBUG build:substitute catalog package: flox_rust_sdk::providers::buildenv: using 'auto' store
2025-11-17T17:24:38.346151Z DEBUG build:substitute catalog package: flox_rust_sdk::providers::buildenv: checking store paths, including substituters cmd=/nix/store/13dd4h1zp953x0ln7yyarr27d581svj0-nix-2.28.4/bin/nix --option extra-experimental-features 'nix-command flakes' --option pure-eval false --print-build-logs build --out-link /tmp/.tmpVzxEKy/by-store-path/kustomize /nix/store/s2jdys30fv093q0mqbjw6zhfs51xhszb-kustomize-5.8.0
2025-11-17T17:24:38.476114Z DEBUG build:substitute catalog package: flox_rust_sdk::providers::buildenv: using 'auto' store
2025-11-17T17:24:38.476179Z DEBUG build:substitute catalog package: flox_rust_sdk::providers::buildenv: checking store paths, including substituters cmd=/nix/store/13dd4h1zp953x0ln7yyarr27d581svj0-nix-2.28.4/bin/nix --option extra-experimental-features 'nix-command flakes' --option pure-eval false --print-build-logs build --out-link /tmp/.tmpVzxEKy/by-store-path/curl /nix/store/79kgkppxjs06j3z46p4py7mfyq08fxwj-curl-8.16.0-bin /nix/store/5hxj7dif1sjjcvyiy3hh514dh78amcpn-curl-8.16.0-debug /nix/store/z9bdqv7mm058w2l4kh72ak2r5ciliw60-curl-8.16.0-dev /nix/store/cxfh4zq3a97asi4f9i48mmjn5qcay1c1-curl-8.16.0-devdoc /nix/store/29l7shzw5nq9iibr7nr4i06hi3vy8p61-curl-8.16.0-man /nix/store/gajzimp0a2hdzxln2xiknaqxkpssdyz0-curl-8.16.0
2025-11-17T17:24:38.610205Z DEBUG build:substitute catalog package: flox_rust_sdk::providers::buildenv: using 'auto' store
2025-11-17T17:24:38.610271Z DEBUG build:substitute catalog package: flox_rust_sdk::providers::buildenv: checking store paths, including substituters cmd=/nix/store/13dd4h1zp953x0ln7yyarr27d581svj0-nix-2.28.4/bin/nix --option extra-experimental-features 'nix-command flakes' --option pure-eval false --print-build-logs build --out-link /tmp/.tmpVzxEKy/by-store-path/jq /nix/store/c6rkwr11izd7jvkrfcg6pygild509nvm-jq-1.8.1-bin /nix/store/25ixq10lb7ppch0qvrgb0fd36ldpwshf-jq-1.8.1-dev /nix/store/3c7i8848442hvc74jhwwwszp27haiv6v-jq-1.8.1-doc /nix/store/n5y4w24f4w2wgqhpbw6cgc431q1f7agh-jq-1.8.1-man /nix/store/iiv41cngzdr0925wzi4z14ii7d8kx2d4-jq-1.8.1
2025-11-17T17:24:38.744868Z DEBUG build:substitute catalog package: flox_rust_sdk::providers::buildenv: using 'auto' store
2025-11-17T17:24:38.744926Z DEBUG build:substitute catalog package: flox_rust_sdk::providers::buildenv: checking store paths, including substituters cmd=/nix/store/13dd4h1zp953x0ln7yyarr27d581svj0-nix-2.28.4/bin/nix --option extra-experimental-features 'nix-command flakes' --option pure-eval false --print-build-logs build --out-link /tmp/.tmpVzxEKy/by-store-path/op /nix/store/m1b5s5rgfirygwnhid9phb7zj7z7gd8c-1password-cli-2.32.0
2025-11-17T17:24:38.876573Z DEBUG build:build from catalog: flox_rust_sdk::providers::buildenv: using 'auto' store
2025-11-17T17:24:38.876708Z DEBUG build:build from catalog: flox_rust_sdk::providers::buildenv: building catalog package installable=flox-nixpkgs:v0/flox/c5ae371f1a6a7fd27823bc500d9390b38c05fa55#legacyPackages.x86_64-linux._1password-cli^* cmd=/nix/store/13dd4h1zp953x0ln7yyarr27d581svj0-nix-2.28.4/bin/nix --option extra-experimental-features 'nix-command flakes' --option pure-eval false --print-build-logs --option extra-plugin-files /nix/store/0nrppli6zrsazxxskk5j1dmsm3dhj8gr-flox-nix-plugins-1.7.6/lib/nix-plugins build --no-write-lock-file --no-update-lock-file --option pure-eval true --out-link /tmp/.tmpVzxEKy/by-iid/op 'flox-nixpkgs:v0/flox/c5ae371f1a6a7fd27823bc500d9390b38c05fa55#legacyPackages.x86_64-linux._1password-cli^*'
2025-11-17T17:24:43.331293Z DEBUG flox::commands: removing process tempdir temp_dir="/root/.cache/flox/process/.tmpiyPY6l"
2025-11-17T17:24:43.332346Z TRACE flox::utils::errors: formatting environment_error: Core(BuildEnv(Realise2 { install_id: "op", message: "this derivation will be built:\n  /nix/store/9gvyjk240dahz9xdj3z7pmb4s83362bi-1password-cli-2.32.0.drv\nerror (ignored): error: cannot get exit status of PID 2333: No child processes\nNix crashed. This is a bug. Please report this at https://github.com/NixOS/nix/issues with the following information included:\n\nException: nix::SysError: \u{1b}[31;1merror:\u{1b}[0m cannot get exit status of PID \u{1b}[35;1m2333\u{1b}[0m: \u{1b}[35;1mNo child processes\u{1b}[0m\nStack trace:\n 0# 0x0000564E00F1D4B6 in /nix/store/13dd4h1zp953x0ln7yyarr27d581svj0-nix-2.28.4/bin/nix\n 1# 0x00007EC52ACBF1AA in /nix/store/ysdkxvcvy2sy36sqigkyqanixm76z2xh-gcc-14.3.0-lib/lib/libstdc++.so.6\n 2# __cxa_call_terminate in /nix/store/ysdkxvcvy2sy36sqigkyqanixm76z2xh-gcc-14.3.0-lib/lib/libstdc++.so.6\n 3# __gxx_personality_v0 in /nix/store/ysdkxvcvy2sy36sqigkyqanixm76z2xh-gcc-14.3.0-lib/lib/libstdc++.so.6\n 4# 0x00007EC52BB0DA19 in /nix/store/ysdkxvcvy2sy36sqigkyqanixm76z2xh-gcc-14.3.0-lib/lib/libgcc_s.so.1\n 5# _Unwind_RaiseException in /nix/store/ysdkxvcvy2sy36sqigkyqanixm76z2xh-gcc-14.3.0-lib/lib/libgcc_s.so.1\n 6# __cxa_throw in /nix/store/ysdkxvcvy2sy36sqigkyqanixm76z2xh-gcc-14.3.0-lib/lib/libstdc++.so.6\n 7# 0x00007EC52BC9085E in /nix/store/13dd4h1zp953x0ln7yyarr27d581svj0-nix-2.28.4/lib/libnixutil.so\n 8# nix::Pid::~Pid() in /nix/store/13dd4h1zp953x0ln7yyarr27d581svj0-nix-2.28.4/lib/libnixutil.so\n 9# nix::LocalDerivationGoal::~LocalDerivationGoal() in /nix/store/13dd4h1zp953x0ln7yyarr27d581svj0-nix-2.28.4/lib/libnixstore.so\n10# std::_Sp_counted_base<(__gnu_cxx::_Lock_policy)2>::_M_release_last_use_cold() in /nix/store/13dd4h1zp953x0ln7yyarr27d581svj0-nix-2.28.4/bin/nix\n11# 0x00007EC52B7CF99E in /nix/store/13dd4h1zp953x0ln7yyarr27d581svj0-nix-2.28.4/lib/libnixstore.so\n12# nix::Worker::~Worker() in /nix/store/13dd4h1zp953x0ln7yyarr27d581svj0-nix-2.28.4/lib/libnixstore.so\n13# 0x00007EC52B70C27F in /nix/store/13dd4h1zp953x0ln7yyarr27d581svj0-nix-2.28.4/lib/libnixstore.so\n14# nix::Installable::build2(nix::ref<nix::Store>, nix::ref<nix::Store>, nix::Realise, std::vector<nix::ref<nix::Installable>, std::allocator<nix::ref<nix::Installable> > > const&, nix::BuildMode) in /nix/store/13dd4h1zp953x0ln7yyarr27d581svj0-nix-2.28.4/lib/libnixcmd.so\n15# nix::Installable::build(nix::ref<nix::Store>, nix::ref<nix::Store>, nix::Realise, std::vector<nix::ref<nix::Installable>, std::allocator<nix::ref<nix::Installable> > > const&, nix::BuildMode) in /nix/store/13dd4h1zp953x0ln7yyarr27d581svj0-nix-2.28.4/lib/libnixcmd.so\n16# 0x0000564E00F0267C in /nix/store/13dd4h1zp953x0ln7yyarr27d581svj0-nix-2.28.4/bin/nix\n17# nix::InstallablesCommand::run(nix::ref<nix::Store>, std::vector<std::__cxx11::basic_string<char, std::char_traits<char>, std::allocator<char> >, std::allocator<std::__cxx11::basic_string<char, std::char_traits<char>, std::allocator<char> > > >&&) in /nix/store/13dd4h1zp953x0ln7yyarr27d581svj0-nix-2.28.4/lib/libnixcmd.so\n18# nix::RawInstallablesCommand::run(nix::ref<nix::Store>) in /nix/store/13dd4h1zp953x0ln7yyarr27d581svj0-nix-2.28.4/lib/libnixcmd.so\n19# nix::StoreCommand::run() in /nix/store/13dd4h1zp953x0ln7yyarr27d581svj0-nix-2.28.4/lib/libnixcmd.so\n20# 0x0000564E00FCA19D in /nix/store/13dd4h1zp953x0ln7yyarr27d581svj0-nix-2.28.4/bin/nix\n21# nix::handleExceptions(std::__cxx11::basic_string<char, std::char_traits<char>, std::allocator<char> > const&, std::function<void ()>) in /nix/store/13dd4h1zp953x0ln7yyarr27d581svj0-nix-2.28.4/lib/libnixmain.so\n22# 0x0000564E00ED4945 in /nix/store/13dd4h1zp953x0ln7yyarr27d581svj0-nix-2.28.4/bin/nix\n23# 0x00007EC52A82A4D8 in /nix/store/8p33is69mjdw3bi1wmi8v2zpsxir8nwd-glibc-2.40-66/lib/libc.so.6\n24# __libc_start_main in /nix/store/8p33is69mjdw3bi1wmi8v2zpsxir8nwd-glibc-2.40-66/lib/libc.so.6\n25# 0x0000564E00EDCE35 in /nix/store/13dd4h1zp953x0ln7yyarr27d581svj0-nix-2.28.4/bin/nix\n\n" }))
2025-11-17T17:24:43.332436Z TRACE flox::utils::errors: formatting core_error: BuildEnv(Realise2 { install_id: "op", message: "this derivation will be built:\n  /nix/store/9gvyjk240dahz9xdj3z7pmb4s83362bi-1password-cli-2.32.0.drv\nerror (ignored): error: cannot get exit status of PID 2333: No child processes\nNix crashed. This is a bug. Please report this at https://github.com/NixOS/nix/issues with the following information included:\n\nException: nix::SysError: \u{1b}[31;1merror:\u{1b}[0m cannot get exit status of PID \u{1b}[35;1m2333\u{1b}[0m: \u{1b}[35;1mNo child processes\u{1b}[0m\nStack trace:\n 0# 0x0000564E00F1D4B6 in /nix/store/13dd4h1zp953x0ln7yyarr27d581svj0-nix-2.28.4/bin/nix\n 1# 0x00007EC52ACBF1AA in /nix/store/ysdkxvcvy2sy36sqigkyqanixm76z2xh-gcc-14.3.0-lib/lib/libstdc++.so.6\n 2# __cxa_call_terminate in /nix/store/ysdkxvcvy2sy36sqigkyqanixm76z2xh-gcc-14.3.0-lib/lib/libstdc++.so.6\n 3# __gxx_personality_v0 in /nix/store/ysdkxvcvy2sy36sqigkyqanixm76z2xh-gcc-14.3.0-lib/lib/libstdc++.so.6\n 4# 0x00007EC52BB0DA19 in /nix/store/ysdkxvcvy2sy36sqigkyqanixm76z2xh-gcc-14.3.0-lib/lib/libgcc_s.so.1\n 5# _Unwind_RaiseException in /nix/store/ysdkxvcvy2sy36sqigkyqanixm76z2xh-gcc-14.3.0-lib/lib/libgcc_s.so.1\n 6# __cxa_throw in /nix/store/ysdkxvcvy2sy36sqigkyqanixm76z2xh-gcc-14.3.0-lib/lib/libstdc++.so.6\n 7# 0x00007EC52BC9085E in /nix/store/13dd4h1zp953x0ln7yyarr27d581svj0-nix-2.28.4/lib/libnixutil.so\n 8# nix::Pid::~Pid() in /nix/store/13dd4h1zp953x0ln7yyarr27d581svj0-nix-2.28.4/lib/libnixutil.so\n 9# nix::LocalDerivationGoal::~LocalDerivationGoal() in /nix/store/13dd4h1zp953x0ln7yyarr27d581svj0-nix-2.28.4/lib/libnixstore.so\n10# std::_Sp_counted_base<(__gnu_cxx::_Lock_policy)2>::_M_release_last_use_cold() in /nix/store/13dd4h1zp953x0ln7yyarr27d581svj0-nix-2.28.4/bin/nix\n11# 0x00007EC52B7CF99E in /nix/store/13dd4h1zp953x0ln7yyarr27d581svj0-nix-2.28.4/lib/libnixstore.so\n12# nix::Worker::~Worker() in /nix/store/13dd4h1zp953x0ln7yyarr27d581svj0-nix-2.28.4/lib/libnixstore.so\n13# 0x00007EC52B70C27F in /nix/store/13dd4h1zp953x0ln7yyarr27d581svj0-nix-2.28.4/lib/libnixstore.so\n14# nix::Installable::build2(nix::ref<nix::Store>, nix::ref<nix::Store>, nix::Realise, std::vector<nix::ref<nix::Installable>, std::allocator<nix::ref<nix::Installable> > > const&, nix::BuildMode) in /nix/store/13dd4h1zp953x0ln7yyarr27d581svj0-nix-2.28.4/lib/libnixcmd.so\n15# nix::Installable::build(nix::ref<nix::Store>, nix::ref<nix::Store>, nix::Realise, std::vector<nix::ref<nix::Installable>, std::allocator<nix::ref<nix::Installable> > > const&, nix::BuildMode) in /nix/store/13dd4h1zp953x0ln7yyarr27d581svj0-nix-2.28.4/lib/libnixcmd.so\n16# 0x0000564E00F0267C in /nix/store/13dd4h1zp953x0ln7yyarr27d581svj0-nix-2.28.4/bin/nix\n17# nix::InstallablesCommand::run(nix::ref<nix::Store>, std::vector<std::__cxx11::basic_string<char, std::char_traits<char>, std::allocator<char> >, std::allocator<std::__cxx11::basic_string<char, std::char_traits<char>, std::allocator<char> > > >&&) in /nix/store/13dd4h1zp953x0ln7yyarr27d581svj0-nix-2.28.4/lib/libnixcmd.so\n18# nix::RawInstallablesCommand::run(nix::ref<nix::Store>) in /nix/store/13dd4h1zp953x0ln7yyarr27d581svj0-nix-2.28.4/lib/libnixcmd.so\n19# nix::StoreCommand::run() in /nix/store/13dd4h1zp953x0ln7yyarr27d581svj0-nix-2.28.4/lib/libnixcmd.so\n20# 0x0000564E00FCA19D in /nix/store/13dd4h1zp953x0ln7yyarr27d581svj0-nix-2.28.4/bin/nix\n21# nix::handleExceptions(std::__cxx11::basic_string<char, std::char_traits<char>, std::allocator<char> > const&, std::function<void ()>) in /nix/store/13dd4h1zp953x0ln7yyarr27d581svj0-nix-2.28.4/lib/libnixmain.so\n22# 0x0000564E00ED4945 in /nix/store/13dd4h1zp953x0ln7yyarr27d581svj0-nix-2.28.4/bin/nix\n23# 0x00007EC52A82A4D8 in /nix/store/8p33is69mjdw3bi1wmi8v2zpsxir8nwd-glibc-2.40-66/lib/libc.so.6\n24# __libc_start_main in /nix/store/8p33is69mjdw3bi1wmi8v2zpsxir8nwd-glibc-2.40-66/lib/libc.so.6\n25# 0x0000564E00EDCE35 in /nix/store/13dd4h1zp953x0ln7yyarr27d581svj0-nix-2.28.4/bin/nix\n\n" })
‚ùå ERROR: Failed to build environment:

Failed to realise 'op':
this derivation will be built:
  /nix/store/9gvyjk240dahz9xdj3z7pmb4s83362bi-1password-cli-2.32.0.drv
error (ignored): error: cannot get exit status of PID 2333: No child processes
Nix crashed. This is a bug. Please report this at https://github.com/NixOS/nix/issues with the following information included:

Exception: nix::SysError: \x1b[31;1merror:\x1b[0m cannot get exit status of PID \x1b[35;1m2333\x1b[0m: \x1b[35;1mNo child processes\x1b[0m
Stack trace:
 0# 0x0000564E00F1D4B6 in /nix/store/13dd4h1zp953x0ln7yyarr27d581svj0-nix-2.28.4/bin/nix
 1# 0x00007EC52ACBF1AA in /nix/store/ysdkxvcvy2sy36sqigkyqanixm76z2xh-gcc-14.3.0-lib/lib/libstdc++.so.6
 2# __cxa_call_terminate in /nix/store/ysdkxvcvy2sy36sqigkyqanixm76z2xh-gcc-14.3.0-lib/lib/libstdc++.so.6
 3# __gxx_personality_v0 in /nix/store/ysdkxvcvy2sy36sqigkyqanixm76z2xh-gcc-14.3.0-lib/lib/libstdc++.so.6
 4# 0x00007EC52BB0DA19 in /nix/store/ysdkxvcvy2sy36sqigkyqanixm76z2xh-gcc-14.3.0-lib/lib/libgcc_s.so.1
 5# _Unwind_RaiseException in /nix/store/ysdkxvcvy2sy36sqigkyqanixm76z2xh-gcc-14.3.0-lib/lib/libgcc_s.so.1
 6# __cxa_throw in /nix/store/ysdkxvcvy2sy36sqigkyqanixm76z2xh-gcc-14.3.0-lib/lib/libstdc++.so.6
 7# 0x00007EC52BC9085E in /nix/store/13dd4h1zp953x0ln7yyarr27d581svj0-nix-2.28.4/lib/libnixutil.so
 8# nix::Pid::~Pid() in /nix/store/13dd4h1zp953x0ln7yyarr27d581svj0-nix-2.28.4/lib/libnixutil.so
 9# nix::LocalDerivationGoal::~LocalDerivationGoal() in /nix/store/13dd4h1zp953x0ln7yyarr27d581svj0-nix-2.28.4/lib/libnixstore.so
10# std::_Sp_counted_base<(__gnu_cxx::_Lock_policy)2>::_M_release_last_use_cold() in /nix/store/13dd4h1zp953x0ln7yyarr27d581svj0-nix-2.28.4/bin/nix
11# 0x00007EC52B7CF99E in /nix/store/13dd4h1zp953x0ln7yyarr27d581svj0-nix-2.28.4/lib/libnixstore.so
12# nix::Worker::~Worker() in /nix/store/13dd4h1zp953x0ln7yyarr27d581svj0-nix-2.28.4/lib/libnixstore.so
13# 0x00007EC52B70C27F in /nix/store/13dd4h1zp953x0ln7yyarr27d581svj0-nix-2.28.4/lib/libnixstore.so
14# nix::Installable::build2(nix::ref<nix::Store>, nix::ref<nix::Store>, nix::Realise, std::vector<nix::ref<nix::Installable>, std::allocator<nix::ref<nix::Installable> > > const&, nix::BuildMode) in /nix/store/13dd4h1zp953x0ln7yyarr27d581svj0-nix-2.28.4/lib/libnixcmd.so
15# nix::Installable::build(nix::ref<nix::Store>, nix::ref<nix::Store>, nix::Realise, std::vector<nix::ref<nix::Installable>, std::allocator<nix::ref<nix::Installable> > > const&, nix::BuildMode) in /nix/store/13dd4h1zp953x0ln7yyarr27d581svj0-nix-2.28.4/lib/libnixcmd.so
16# 0x0000564E00F0267C in /nix/store/13dd4h1zp953x0ln7yyarr27d581svj0-nix-2.28.4/bin/nix
17# nix::InstallablesCommand::run(nix::ref<nix::Store>, std::vector<std::__cxx11::basic_string<char, std::char_traits<char>, std::allocator<char> >, std::allocator<std::__cxx11::basic_string<char, std::char_traits<char>, std::allocator<char> > > >&&) in /nix/store/13dd4h1zp953x0ln7yyarr27d581svj0-nix-2.28.4/lib/libnixcmd.so
18# nix::RawInstallablesCommand::run(nix::ref<nix::Store>) in /nix/store/13dd4h1zp953x0ln7yyarr27d581svj0-nix-2.28.4/lib/libnixcmd.so
19# nix::StoreCommand::run() in /nix/store/13dd4h1zp953x0ln7yyarr27d581svj0-nix-2.28.4/lib/libnixcmd.so
20# 0x0000564E00FCA19D in /nix/store/13dd4h1zp953x0ln7yyarr27d581svj0-nix-2.28.4/bin/nix
21# nix::handleExceptions(std::__cxx11::basic_string<char, std::char_traits<char>, std::allocator<char> > const&, std::function<void ()>) in /nix/store/13dd4h1zp953x0ln7yyarr27d581svj0-nix-2.28.4/lib/libnixmain.so
22# 0x0000564E00ED4945 in /nix/store/13dd4h1zp953x0ln7yyarr27d581svj0-nix-2.28.4/bin/nix
23# 0x00007EC52A82A4D8 in /nix/store/8p33is69mjdw3bi1wmi8v2zpsxir8nwd-glibc-2.40-66/lib/libc.so.6
24# __libc_start_main in /nix/store/8p33is69mjdw3bi1wmi8v2zpsxir8nwd-glibc-2.40-66/lib/libc.so.6
25# 0x0000564E00EDCE35 in /nix/store/13dd4h1zp953x0ln7yyarr27d581svj0-nix-2.28.4/bin/nix



   0: anyhow::error::<impl core::convert::From<E> for anyhow::Error>::from
   1: flox::commands::activate::Activate::activate::{{closure}}
   2: flox::commands::FloxArgs::handle::{{closure}}::{{closure}}
   3: tokio::runtime::task::core::Core<T,S>::poll
   4: tokio::runtime::task::harness::Harness<T,S>::poll
   5: tokio::task::local::LocalSet::tick
   6: <tokio::task::local::RunUntil<T> as core::future::future::Future>::poll
   7: flox::commands::FloxArgs::handle::{{closure}}
   8: flox::run::{{closure}}
   9: tokio::runtime::park::CachedParkThread::block_on
  10: tokio::runtime::runtime::Runtime::block_on
  11: flox::main
  12: std::sys::backtrace::__rust_begin_short_backtrace
  13: std::rt::lang_start::{{closure}}
  14: std::rt::lang_start_internal
  15: main
  16: __libc_start_call_main
  17: __libc_start_main_alias_1
  18: _start

Exit code: 1
